<?xml version="1.0" encoding="UTF-8"?>
<!-- Generated by org.testng.reporters.JUnitXMLReporter -->
<testsuite hostname="user-PC" name="Default test" tests="5" failures="0" timestamp="15 Jan 2017 15:48:01 GMT" time="69.169" errors="0">
  <testcase name="DropdownCase1" time="0.599" classname="com.SeleniumEasy.TestCases.DropdownTest"/>
  <testcase name="DropdownCase2" time="0.809" classname="com.SeleniumEasy.TestCases.DropdownTest"/>
  <testcase name="DropdownCase3" time="1.116" classname="com.SeleniumEasy.TestCases.DropdownTest"/>
  <testcase name="DropdownCase4" time="1.1" classname="com.SeleniumEasy.TestCases.DropdownTest"/>
  <testcase name="DropdownCase5" time="0.987" classname="com.SeleniumEasy.TestCases.DropdownTest"/>
</testsuite> <!-- Default test -->
